[ReorderMembersFix] 2025-10-24T19:08:14.575662 Plugin ReorderMembersFix threw while analyzing /home/bsutton/git/dswitch/lib/src/commands/channel/channel.dart:
[ReorderMembersFix] 2025-10-24T19:08:14.575662 ConflictingEditException: {"offset":1059,"length":454,"replacement":"  String channel;\n\n  DefaultCommand(this.channel);\n\n  @override\n  String get description => '''\nManages the $channel channel.\n  If the channel is already downloaded then DSwitch will switch to the latest locally cached version for the $channel channel.\n  If the channel is not already downloaded, then the latest version for the $channel channel will be downloaded and then DSwitch will switch to the channel.\n   ''';\n\n  @override\n  String get name => '';"} conflicts with {"offset":1059,"length":454,"replacement":"  String channel;\n\n  DefaultCommand(this.channel);\n\n  @override\n  String get description => '''\nManages the $channel channel.\n  If the channel is already downloaded then DSwitch will switch to the latest locally cached version for the $channel channel.\n  If the channel is not already downloaded, then the latest version for the $channel channel will be downloaded and then DSwitch will switch to the channel.\n   ''';\n\n  @override\n  String get name => '';"}
[ReorderMembersFix] 2025-10-24T19:08:14.575662 #0      addEditForSource (package:analyzer_plugin/src/protocol/protocol_internal.dart:77:7)
[ReorderMembersFix] 2025-10-24T19:08:14.575662 #1      SourceFileEdit.add (package:analyzer_plugin/protocol/protocol_common.dart:3778:7)
[ReorderMembersFix] 2025-10-24T19:08:14.575662 #2      FileEditBuilderImpl._addEdit (package:analyzer_plugin/src/utilities/change_builder/change_builder_core.dart:624:14)
[ReorderMembersFix] 2025-10-24T19:08:14.575662 #3      FileEditBuilderImpl._addEditBuilder (package:analyzer_plugin/src/utilities/change_builder/change_builder_core.dart:639:5)
[ReorderMembersFix] 2025-10-24T19:08:14.575662 #4      FileEditBuilderImpl.addSimpleReplacement (package:analyzer_plugin/src/utilities/change_builder/change_builder_core.dart:581:7)
[ReorderMembersFix] 2025-10-24T19:08:14.575662 #5      ReorderMembersFix.run.<anonymous closure>.applyTo (package:lint_hard/src/reorder_members_fix.dart:97:17)
[ReorderMembersFix] 2025-10-24T19:08:14.575662 #6      ReorderMembersFix.run.<anonymous closure> (package:lint_hard/src/reorder_members_fix.dart:104:7)
[ReorderMembersFix] 2025-10-24T19:08:14.575662 #7      ChangeBuilderImpl.addDartFileEdit (package:analyzer_plugin/src/utilities/change_builder/change_builder_core.dart:170:26)
[ReorderMembersFix] 2025-10-24T19:08:14.575662 #8      ChangeBuilderImpl.addDartFileEdit.<anonymous closure> (package:custom_lint_core/src/change_reporter.dart:242:35)
[ReorderMembersFix] 2025-10-24T19:08:14.575662 #9      new Future.<anonymous closure> (dart:async/future.dart:260:40)
[ReorderMembersFix] 2025-10-24T19:08:14.575662 #10     _rootRun (dart:async/zone.dart:1517:47)
[ReorderMembersFix] 2025-10-24T19:08:14.575662 #11     _CustomZone.run (dart:async/zone.dart:1422:19)
[ReorderMembersFix] 2025-10-24T19:08:14.575662 #12     _CustomZone.runGuarded (dart:async/zone.dart:1321:7)
[ReorderMembersFix] 2025-10-24T19:08:14.575662 #13     _CustomZone.bindCallbackGuarded.<anonymous closure> (dart:async/zone.dart:1362:23)
[ReorderMembersFix] 2025-10-24T19:08:14.575662 #14     _rootRun (dart:async/zone.dart:1525:13)
[ReorderMembersFix] 2025-10-24T19:08:14.575662 #15     _CustomZone.run (dart:async/zone.dart:1422:19)
[ReorderMembersFix] 2025-10-24T19:08:14.575662 #16     _CustomZone.bindCallback.<anonymous closure> (dart:async/zone.dart:1345:23)
[ReorderMembersFix] 2025-10-24T19:08:14.575662 #17     Timer._createTimer.<anonymous closure> (dart:async-patch/timer_patch.dart:18:15)
[ReorderMembersFix] 2025-10-24T19:08:14.575662 #18     _Timer._runTimers (dart:isolate-patch/timer_impl.dart:423:19)
[ReorderMembersFix] 2025-10-24T19:08:14.575662 #19     _Timer._handleMessage (dart:isolate-patch/timer_impl.dart:454:5)
[ReorderMembersFix] 2025-10-24T19:08:14.575662 #20     _RawReceivePort._handleMessage (dart:isolate-patch/isolate_patch.dart:193:12)
[ReorderMembersFix] 2025-10-24T19:08:14.575662
[ReorderMembersFix] 2025-10-24T19:08:14.575927 Plugin ReorderMembersFix threw while analyzing /home/bsutton/git/dswitch/lib/src/commands/channel/channel.dart:
[ReorderMembersFix] 2025-10-24T19:08:14.575927 ConflictingEditException: {"offset":466,"length":544,"replacement":"  String channel;\n\n  ChannelCommand(this.channel) {\n    // addSubcommand(DefaultCommand(channel));\n    addSubcommand(InstallCommand(channel));\n    addSubcommand(ListCommand(channel));\n    addSubcommand(PinCommand(channel));\n    addSubcommand(StatusCommand(channel));\n    addSubcommand(UnpinCommand(channel));\n    addSubcommand(UpgradeCommand(channel));\n    addSubcommand(DeleteCommand(channel));\n  }\n\n  @override\n  String get description => 'Manages the $channel channel.';\n\n  @override\n  String get name => channel;\n\n  @override\n  void run() {}"} conflicts with {"offset":466,"length":544,"replacement":"  String channel;\n\n  ChannelCommand(this.channel) {\n    // addSubcommand(DefaultCommand(channel));\n    addSubcommand(InstallCommand(channel));\n    addSubcommand(ListCommand(channel));\n    addSubcommand(PinCommand(channel));\n    addSubcommand(StatusCommand(channel));\n    addSubcommand(UnpinCommand(channel));\n    addSubcommand(UpgradeCommand(channel));\n    addSubcommand(DeleteCommand(channel));\n  }\n\n  @override\n  String get description => 'Manages the $channel channel.';\n\n  @override\n  String get name => channel;\n\n  @override\n  void run() {}"}
[ReorderMembersFix] 2025-10-24T19:08:14.575927 #0      addEditForSource (package:analyzer_plugin/src/protocol/protocol_internal.dart:77:7)
[ReorderMembersFix] 2025-10-24T19:08:14.575927 #1      SourceFileEdit.add (package:analyzer_plugin/protocol/protocol_common.dart:3778:7)
[ReorderMembersFix] 2025-10-24T19:08:14.575927 #2      FileEditBuilderImpl._addEdit (package:analyzer_plugin/src/utilities/change_builder/change_builder_core.dart:624:14)
[ReorderMembersFix] 2025-10-24T19:08:14.575927 #3      FileEditBuilderImpl._addEditBuilder (package:analyzer_plugin/src/utilities/change_builder/change_builder_core.dart:639:5)
[ReorderMembersFix] 2025-10-24T19:08:14.575927 #4      FileEditBuilderImpl.addSimpleReplacement (package:analyzer_plugin/src/utilities/change_builder/change_builder_core.dart:581:7)
[ReorderMembersFix] 2025-10-24T19:08:14.575927 #5      ReorderMembersFix.run.<anonymous closure>.applyTo (package:lint_hard/src/reorder_members_fix.dart:97:17)
[ReorderMembersFix] 2025-10-24T19:08:14.575927 #6      ReorderMembersFix.run.<anonymous closure> (package:lint_hard/src/reorder_members_fix.dart:110:11)
[ReorderMembersFix] 2025-10-24T19:08:14.575927 #7      ChangeBuilderImpl.addDartFileEdit (package:analyzer_plugin/src/utilities/change_builder/change_builder_core.dart:170:26)
[ReorderMembersFix] 2025-10-24T19:08:14.575927 #8      ChangeBuilderImpl.addDartFileEdit.<anonymous closure> (package:custom_lint_core/src/change_reporter.dart:242:35)
[ReorderMembersFix] 2025-10-24T19:08:14.575927 #9      new Future.<anonymous closure> (dart:async/future.dart:260:40)
[ReorderMembersFix] 2025-10-24T19:08:14.575927 #10     _rootRun (dart:async/zone.dart:1517:47)
[ReorderMembersFix] 2025-10-24T19:08:14.575927 #11     _CustomZone.run (dart:async/zone.dart:1422:19)
[ReorderMembersFix] 2025-10-24T19:08:14.575927 #12     _CustomZone.runGuarded (dart:async/zone.dart:1321:7)
[ReorderMembersFix] 2025-10-24T19:08:14.575927 #13     _CustomZone.bindCallbackGuarded.<anonymous closure> (dart:async/zone.dart:1362:23)
[ReorderMembersFix] 2025-10-24T19:08:14.575927 #14     _rootRun (dart:async/zone.dart:1525:13)
[ReorderMembersFix] 2025-10-24T19:08:14.575927 #15     _CustomZone.run (dart:async/zone.dart:1422:19)
[ReorderMembersFix] 2025-10-24T19:08:14.575927 #16     _CustomZone.bindCallback.<anonymous closure> (dart:async/zone.dart:1345:23)
[ReorderMembersFix] 2025-10-24T19:08:14.575927 #17     Timer._createTimer.<anonymous closure> (dart:async-patch/timer_patch.dart:18:15)
[ReorderMembersFix] 2025-10-24T19:08:14.575927 #18     _Timer._runTimers (dart:isolate-patch/timer_impl.dart:423:19)
[ReorderMembersFix] 2025-10-24T19:08:14.575927 #19     _Timer._handleMessage (dart:isolate-patch/timer_impl.dart:454:5)
[ReorderMembersFix] 2025-10-24T19:08:14.575927 #20     _RawReceivePort._handleMessage (dart:isolate-patch/isolate_patch.dart:193:12)
[ReorderMembersFix] 2025-10-24T19:08:14.575927
[ReorderMembersFix] 2025-10-24T19:08:14.871577 Plugin ReorderMembersFix threw while analyzing /home/bsutton/git/dswitch/lib/src/commands/channel/channel.dart:
[ReorderMembersFix] 2025-10-24T19:08:14.871577 ConflictingEditException: {"offset":1059,"length":454,"replacement":"  String channel;\n\n  DefaultCommand(this.channel);\n\n  @override\n  String get description => '''\nManages the $channel channel.\n  If the channel is already downloaded then DSwitch will switch to the latest locally cached version for the $channel channel.\n  If the channel is not already downloaded, then the latest version for the $channel channel will be downloaded and then DSwitch will switch to the channel.\n   ''';\n\n  @override\n  String get name => '';"} conflicts with {"offset":1059,"length":454,"replacement":"  String channel;\n\n  DefaultCommand(this.channel);\n\n  @override\n  String get description => '''\nManages the $channel channel.\n  If the channel is already downloaded then DSwitch will switch to the latest locally cached version for the $channel channel.\n  If the channel is not already downloaded, then the latest version for the $channel channel will be downloaded and then DSwitch will switch to the channel.\n   ''';\n\n  @override\n  String get name => '';"}
[ReorderMembersFix] 2025-10-24T19:08:14.871577 #0      addEditForSource (package:analyzer_plugin/src/protocol/protocol_internal.dart:77:7)
[ReorderMembersFix] 2025-10-24T19:08:14.871577 #1      SourceFileEdit.add (package:analyzer_plugin/protocol/protocol_common.dart:3778:7)
[ReorderMembersFix] 2025-10-24T19:08:14.871577 #2      FileEditBuilderImpl._addEdit (package:analyzer_plugin/src/utilities/change_builder/change_builder_core.dart:624:14)
[ReorderMembersFix] 2025-10-24T19:08:14.871577 #3      FileEditBuilderImpl._addEditBuilder (package:analyzer_plugin/src/utilities/change_builder/change_builder_core.dart:639:5)
[ReorderMembersFix] 2025-10-24T19:08:14.871577 #4      FileEditBuilderImpl.addSimpleReplacement (package:analyzer_plugin/src/utilities/change_builder/change_builder_core.dart:581:7)
[ReorderMembersFix] 2025-10-24T19:08:14.871577 #5      ReorderMembersFix.run.<anonymous closure>.applyTo (package:lint_hard/src/reorder_members_fix.dart:97:17)
[ReorderMembersFix] 2025-10-24T19:08:14.871577 #6      ReorderMembersFix.run.<anonymous closure> (package:lint_hard/src/reorder_members_fix.dart:104:7)
[ReorderMembersFix] 2025-10-24T19:08:14.871577 #7      ChangeBuilderImpl.addDartFileEdit (package:analyzer_plugin/src/utilities/change_builder/change_builder_core.dart:170:26)
[ReorderMembersFix] 2025-10-24T19:08:14.871577 #8      ChangeBuilderImpl.addDartFileEdit.<anonymous closure> (package:custom_lint_core/src/change_reporter.dart:242:35)
[ReorderMembersFix] 2025-10-24T19:08:14.871577 #9      new Future.<anonymous closure> (dart:async/future.dart:260:40)
[ReorderMembersFix] 2025-10-24T19:08:14.871577 #10     _rootRun (dart:async/zone.dart:1517:47)
[ReorderMembersFix] 2025-10-24T19:08:14.871577 #11     _CustomZone.run (dart:async/zone.dart:1422:19)
[ReorderMembersFix] 2025-10-24T19:08:14.871577 #12     _CustomZone.runGuarded (dart:async/zone.dart:1321:7)
[ReorderMembersFix] 2025-10-24T19:08:14.871577 #13     _CustomZone.bindCallbackGuarded.<anonymous closure> (dart:async/zone.dart:1362:23)
[ReorderMembersFix] 2025-10-24T19:08:14.871577 #14     _rootRun (dart:async/zone.dart:1525:13)
[ReorderMembersFix] 2025-10-24T19:08:14.871577 #15     _CustomZone.run (dart:async/zone.dart:1422:19)
[ReorderMembersFix] 2025-10-24T19:08:14.871577 #16     _CustomZone.bindCallback.<anonymous closure> (dart:async/zone.dart:1345:23)
[ReorderMembersFix] 2025-10-24T19:08:14.871577 #17     Timer._createTimer.<anonymous closure> (dart:async-patch/timer_patch.dart:18:15)
[ReorderMembersFix] 2025-10-24T19:08:14.871577 #18     _Timer._runTimers (dart:isolate-patch/timer_impl.dart:423:19)
[ReorderMembersFix] 2025-10-24T19:08:14.871577 #19     _Timer._handleMessage (dart:isolate-patch/timer_impl.dart:454:5)
[ReorderMembersFix] 2025-10-24T19:08:14.871577 #20     _RawReceivePort._handleMessage (dart:isolate-patch/isolate_patch.dart:193:12)
[ReorderMembersFix] 2025-10-24T19:08:14.871577
[ReorderMembersFix] 2025-10-24T19:08:14.871830 Plugin ReorderMembersFix threw while analyzing /home/bsutton/git/dswitch/lib/src/commands/channel/channel.dart:
[ReorderMembersFix] 2025-10-24T19:08:14.871830 ConflictingEditException: {"offset":466,"length":544,"replacement":"  String channel;\n\n  ChannelCommand(this.channel) {\n    // addSubcommand(DefaultCommand(channel));\n    addSubcommand(InstallCommand(channel));\n    addSubcommand(ListCommand(channel));\n    addSubcommand(PinCommand(channel));\n    addSubcommand(StatusCommand(channel));\n    addSubcommand(UnpinCommand(channel));\n    addSubcommand(UpgradeCommand(channel));\n    addSubcommand(DeleteCommand(channel));\n  }\n\n  @override\n  String get description => 'Manages the $channel channel.';\n\n  @override\n  String get name => channel;\n\n  @override\n  void run() {}"} conflicts with {"offset":466,"length":544,"replacement":"  String channel;\n\n  ChannelCommand(this.channel) {\n    // addSubcommand(DefaultCommand(channel));\n    addSubcommand(InstallCommand(channel));\n    addSubcommand(ListCommand(channel));\n    addSubcommand(PinCommand(channel));\n    addSubcommand(StatusCommand(channel));\n    addSubcommand(UnpinCommand(channel));\n    addSubcommand(UpgradeCommand(channel));\n    addSubcommand(DeleteCommand(channel));\n  }\n\n  @override\n  String get description => 'Manages the $channel channel.';\n\n  @override\n  String get name => channel;\n\n  @override\n  void run() {}"}
[ReorderMembersFix] 2025-10-24T19:08:14.871830 #0      addEditForSource (package:analyzer_plugin/src/protocol/protocol_internal.dart:77:7)
[ReorderMembersFix] 2025-10-24T19:08:14.871830 #1      SourceFileEdit.add (package:analyzer_plugin/protocol/protocol_common.dart:3778:7)
[ReorderMembersFix] 2025-10-24T19:08:14.871830 #2      FileEditBuilderImpl._addEdit (package:analyzer_plugin/src/utilities/change_builder/change_builder_core.dart:624:14)
[ReorderMembersFix] 2025-10-24T19:08:14.871830 #3      FileEditBuilderImpl._addEditBuilder (package:analyzer_plugin/src/utilities/change_builder/change_builder_core.dart:639:5)
[ReorderMembersFix] 2025-10-24T19:08:14.871830 #4      FileEditBuilderImpl.addSimpleReplacement (package:analyzer_plugin/src/utilities/change_builder/change_builder_core.dart:581:7)
[ReorderMembersFix] 2025-10-24T19:08:14.871830 #5      ReorderMembersFix.run.<anonymous closure>.applyTo (package:lint_hard/src/reorder_members_fix.dart:97:17)
[ReorderMembersFix] 2025-10-24T19:08:14.871830 #6      ReorderMembersFix.run.<anonymous closure> (package:lint_hard/src/reorder_members_fix.dart:110:11)
[ReorderMembersFix] 2025-10-24T19:08:14.871830 #7      ChangeBuilderImpl.addDartFileEdit (package:analyzer_plugin/src/utilities/change_builder/change_builder_core.dart:170:26)
[ReorderMembersFix] 2025-10-24T19:08:14.871830 #8      ChangeBuilderImpl.addDartFileEdit.<anonymous closure> (package:custom_lint_core/src/change_reporter.dart:242:35)
[ReorderMembersFix] 2025-10-24T19:08:14.871830 #9      new Future.<anonymous closure> (dart:async/future.dart:260:40)
[ReorderMembersFix] 2025-10-24T19:08:14.871830 #10     _rootRun (dart:async/zone.dart:1517:47)
[ReorderMembersFix] 2025-10-24T19:08:14.871830 #11     _CustomZone.run (dart:async/zone.dart:1422:19)
[ReorderMembersFix] 2025-10-24T19:08:14.871830 #12     _CustomZone.runGuarded (dart:async/zone.dart:1321:7)
[ReorderMembersFix] 2025-10-24T19:08:14.871830 #13     _CustomZone.bindCallbackGuarded.<anonymous closure> (dart:async/zone.dart:1362:23)
[ReorderMembersFix] 2025-10-24T19:08:14.871830 #14     _rootRun (dart:async/zone.dart:1525:13)
[ReorderMembersFix] 2025-10-24T19:08:14.871830 #15     _CustomZone.run (dart:async/zone.dart:1422:19)
[ReorderMembersFix] 2025-10-24T19:08:14.871830 #16     _CustomZone.bindCallback.<anonymous closure> (dart:async/zone.dart:1345:23)
[ReorderMembersFix] 2025-10-24T19:08:14.871830 #17     Timer._createTimer.<anonymous closure> (dart:async-patch/timer_patch.dart:18:15)
[ReorderMembersFix] 2025-10-24T19:08:14.871830 #18     _Timer._runTimers (dart:isolate-patch/timer_impl.dart:423:19)
[ReorderMembersFix] 2025-10-24T19:08:14.871830 #19     _Timer._handleMessage (dart:isolate-patch/timer_impl.dart:454:5)
[ReorderMembersFix] 2025-10-24T19:08:14.871830 #20     _RawReceivePort._handleMessage (dart:isolate-patch/isolate_patch.dart:193:12)
[ReorderMembersFix] 2025-10-24T19:08:14.871830
[ReorderMembersFix] 2025-10-24T19:08:15.863614 Plugin ReorderMembersFix threw while analyzing /home/bsutton/git/dswitch/lib/src/commands/channel/channel.dart:
[ReorderMembersFix] 2025-10-24T19:08:15.863614 ConflictingEditException: {"offset":1059,"length":454,"replacement":"  String channel;\n\n  DefaultCommand(this.channel);\n\n  @override\n  String get description => '''\nManages the $channel channel.\n  If the channel is already downloaded then DSwitch will switch to the latest locally cached version for the $channel channel.\n  If the channel is not already downloaded, then the latest version for the $channel channel will be downloaded and then DSwitch will switch to the channel.\n   ''';\n\n  @override\n  String get name => '';"} conflicts with {"offset":1059,"length":454,"replacement":"  String channel;\n\n  DefaultCommand(this.channel);\n\n  @override\n  String get description => '''\nManages the $channel channel.\n  If the channel is already downloaded then DSwitch will switch to the latest locally cached version for the $channel channel.\n  If the channel is not already downloaded, then the latest version for the $channel channel will be downloaded and then DSwitch will switch to the channel.\n   ''';\n\n  @override\n  String get name => '';"}
[ReorderMembersFix] 2025-10-24T19:08:15.863614 #0      addEditForSource (package:analyzer_plugin/src/protocol/protocol_internal.dart:77:7)
[ReorderMembersFix] 2025-10-24T19:08:15.863614 #1      SourceFileEdit.add (package:analyzer_plugin/protocol/protocol_common.dart:3778:7)
[ReorderMembersFix] 2025-10-24T19:08:15.863614 #2      FileEditBuilderImpl._addEdit (package:analyzer_plugin/src/utilities/change_builder/change_builder_core.dart:624:14)
[ReorderMembersFix] 2025-10-24T19:08:15.863614 #3      FileEditBuilderImpl._addEditBuilder (package:analyzer_plugin/src/utilities/change_builder/change_builder_core.dart:639:5)
[ReorderMembersFix] 2025-10-24T19:08:15.863614 #4      FileEditBuilderImpl.addSimpleReplacement (package:analyzer_plugin/src/utilities/change_builder/change_builder_core.dart:581:7)
[ReorderMembersFix] 2025-10-24T19:08:15.863614 #5      ReorderMembersFix.run.<anonymous closure>.applyTo (package:lint_hard/src/reorder_members_fix.dart:97:17)
[ReorderMembersFix] 2025-10-24T19:08:15.863614 #6      ReorderMembersFix.run.<anonymous closure> (package:lint_hard/src/reorder_members_fix.dart:104:7)
[ReorderMembersFix] 2025-10-24T19:08:15.863614 #7      ChangeBuilderImpl.addDartFileEdit (package:analyzer_plugin/src/utilities/change_builder/change_builder_core.dart:170:26)
[ReorderMembersFix] 2025-10-24T19:08:15.863614 #8      ChangeBuilderImpl.addDartFileEdit.<anonymous closure> (package:custom_lint_core/src/change_reporter.dart:242:35)
[ReorderMembersFix] 2025-10-24T19:08:15.863614 #9      new Future.<anonymous closure> (dart:async/future.dart:260:40)
[ReorderMembersFix] 2025-10-24T19:08:15.863614 #10     _rootRun (dart:async/zone.dart:1517:47)
[ReorderMembersFix] 2025-10-24T19:08:15.863614 #11     _CustomZone.run (dart:async/zone.dart:1422:19)
[ReorderMembersFix] 2025-10-24T19:08:15.863614 #12     _CustomZone.runGuarded (dart:async/zone.dart:1321:7)
[ReorderMembersFix] 2025-10-24T19:08:15.863614 #13     _CustomZone.bindCallbackGuarded.<anonymous closure> (dart:async/zone.dart:1362:23)
[ReorderMembersFix] 2025-10-24T19:08:15.863614 #14     _rootRun (dart:async/zone.dart:1525:13)
[ReorderMembersFix] 2025-10-24T19:08:15.863614 #15     _CustomZone.run (dart:async/zone.dart:1422:19)
[ReorderMembersFix] 2025-10-24T19:08:15.863614 #16     _CustomZone.bindCallback.<anonymous closure> (dart:async/zone.dart:1345:23)
[ReorderMembersFix] 2025-10-24T19:08:15.863614 #17     Timer._createTimer.<anonymous closure> (dart:async-patch/timer_patch.dart:18:15)
[ReorderMembersFix] 2025-10-24T19:08:15.863614 #18     _Timer._runTimers (dart:isolate-patch/timer_impl.dart:423:19)
[ReorderMembersFix] 2025-10-24T19:08:15.863614 #19     _Timer._handleMessage (dart:isolate-patch/timer_impl.dart:454:5)
[ReorderMembersFix] 2025-10-24T19:08:15.863614 #20     _RawReceivePort._handleMessage (dart:isolate-patch/isolate_patch.dart:193:12)
[ReorderMembersFix] 2025-10-24T19:08:15.863614
[ReorderMembersFix] 2025-10-24T19:08:15.864031 Plugin ReorderMembersFix threw while analyzing /home/bsutton/git/dswitch/lib/src/commands/channel/channel.dart:
[ReorderMembersFix] 2025-10-24T19:08:15.864031 ConflictingEditException: {"offset":466,"length":544,"replacement":"  String channel;\n\n  ChannelCommand(this.channel) {\n    // addSubcommand(DefaultCommand(channel));\n    addSubcommand(InstallCommand(channel));\n    addSubcommand(ListCommand(channel));\n    addSubcommand(PinCommand(channel));\n    addSubcommand(StatusCommand(channel));\n    addSubcommand(UnpinCommand(channel));\n    addSubcommand(UpgradeCommand(channel));\n    addSubcommand(DeleteCommand(channel));\n  }\n\n  @override\n  String get description => 'Manages the $channel channel.';\n\n  @override\n  String get name => channel;\n\n  @override\n  void run() {}"} conflicts with {"offset":466,"length":544,"replacement":"  String channel;\n\n  ChannelCommand(this.channel) {\n    // addSubcommand(DefaultCommand(channel));\n    addSubcommand(InstallCommand(channel));\n    addSubcommand(ListCommand(channel));\n    addSubcommand(PinCommand(channel));\n    addSubcommand(StatusCommand(channel));\n    addSubcommand(UnpinCommand(channel));\n    addSubcommand(UpgradeCommand(channel));\n    addSubcommand(DeleteCommand(channel));\n  }\n\n  @override\n  String get description => 'Manages the $channel channel.';\n\n  @override\n  String get name => channel;\n\n  @override\n  void run() {}"}
[ReorderMembersFix] 2025-10-24T19:08:15.864031 #0      addEditForSource (package:analyzer_plugin/src/protocol/protocol_internal.dart:77:7)
[ReorderMembersFix] 2025-10-24T19:08:15.864031 #1      SourceFileEdit.add (package:analyzer_plugin/protocol/protocol_common.dart:3778:7)
[ReorderMembersFix] 2025-10-24T19:08:15.864031 #2      FileEditBuilderImpl._addEdit (package:analyzer_plugin/src/utilities/change_builder/change_builder_core.dart:624:14)
[ReorderMembersFix] 2025-10-24T19:08:15.864031 #3      FileEditBuilderImpl._addEditBuilder (package:analyzer_plugin/src/utilities/change_builder/change_builder_core.dart:639:5)
[ReorderMembersFix] 2025-10-24T19:08:15.864031 #4      FileEditBuilderImpl.addSimpleReplacement (package:analyzer_plugin/src/utilities/change_builder/change_builder_core.dart:581:7)
[ReorderMembersFix] 2025-10-24T19:08:15.864031 #5      ReorderMembersFix.run.<anonymous closure>.applyTo (package:lint_hard/src/reorder_members_fix.dart:97:17)
[ReorderMembersFix] 2025-10-24T19:08:15.864031 #6      ReorderMembersFix.run.<anonymous closure> (package:lint_hard/src/reorder_members_fix.dart:110:11)
[ReorderMembersFix] 2025-10-24T19:08:15.864031 #7      ChangeBuilderImpl.addDartFileEdit (package:analyzer_plugin/src/utilities/change_builder/change_builder_core.dart:170:26)
[ReorderMembersFix] 2025-10-24T19:08:15.864031 #8      ChangeBuilderImpl.addDartFileEdit.<anonymous closure> (package:custom_lint_core/src/change_reporter.dart:242:35)
[ReorderMembersFix] 2025-10-24T19:08:15.864031 #9      new Future.<anonymous closure> (dart:async/future.dart:260:40)
[ReorderMembersFix] 2025-10-24T19:08:15.864031 #10     _rootRun (dart:async/zone.dart:1517:47)
[ReorderMembersFix] 2025-10-24T19:08:15.864031 #11     _CustomZone.run (dart:async/zone.dart:1422:19)
[ReorderMembersFix] 2025-10-24T19:08:15.864031 #12     _CustomZone.runGuarded (dart:async/zone.dart:1321:7)
[ReorderMembersFix] 2025-10-24T19:08:15.864031 #13     _CustomZone.bindCallbackGuarded.<anonymous closure> (dart:async/zone.dart:1362:23)
[ReorderMembersFix] 2025-10-24T19:08:15.864031 #14     _rootRun (dart:async/zone.dart:1525:13)
[ReorderMembersFix] 2025-10-24T19:08:15.864031 #15     _CustomZone.run (dart:async/zone.dart:1422:19)
[ReorderMembersFix] 2025-10-24T19:08:15.864031 #16     _CustomZone.bindCallback.<anonymous closure> (dart:async/zone.dart:1345:23)
[ReorderMembersFix] 2025-10-24T19:08:15.864031 #17     Timer._createTimer.<anonymous closure> (dart:async-patch/timer_patch.dart:18:15)
[ReorderMembersFix] 2025-10-24T19:08:15.864031 #18     _Timer._runTimers (dart:isolate-patch/timer_impl.dart:423:19)
[ReorderMembersFix] 2025-10-24T19:08:15.864031 #19     _Timer._handleMessage (dart:isolate-patch/timer_impl.dart:454:5)
[ReorderMembersFix] 2025-10-24T19:08:15.864031 #20     _RawReceivePort._handleMessage (dart:isolate-patch/isolate_patch.dart:193:12)
[ReorderMembersFix] 2025-10-24T19:08:15.864031
